<?xml version="1.0" encoding="UTF-8"?>
<!-- Generated by org.testng.reporters.JUnitXMLReporter -->
<testsuite ignored="0" hostname="DESKTOP-7GTF88O" failures="0" tests="2" name="PushNotification Testing" time="21.717" errors="0" timestamp="2024-03-11T08:03:29 IST">
  <testcase classname="com.sevenrmartsupermarket.tests.PushNotificationTest" name="printExcelData" time="4.506"/>
  <testcase classname="com.sevenrmartsupermarket.tests.PushNotificationTest" name="verifyEnteredPushNotification" time="4.094"/>
</testsuite> <!-- PushNotification Testing -->
