<?xml version="1.0" encoding="UTF-8"?>
<!-- Generated by org.testng.reporters.JUnitXMLReporter -->
<testsuite ignored="2" hostname="DESKTOP-7GTF88O" failures="0" tests="1" name="PushNotification Testing" time="8.435" errors="0" timestamp="2024-03-20T21:27:38 IST">
  <testcase classname="com.sevenrmartsupermarket.tests.PushNotificationTest" name="printExcelData" time="3.393"/>
  <testcase classname="com.sevenrmartsupermarket.tests.PushNotificationTest" name="printExcelData1" time="0.0">
    <ignored/>
  </testcase> <!-- printExcelData1 -->
  <testcase classname="com.sevenrmartsupermarket.tests.PushNotificationTest" name="verifyEnteredPushNotification" time="0.0">
    <ignored/>
  </testcase> <!-- verifyEnteredPushNotification -->
</testsuite> <!-- PushNotification Testing -->
