<?xml version="1.0" encoding="UTF-8"?>
<!-- Generated by org.testng.reporters.JUnitXMLReporter -->
<testsuite ignored="0" hostname="DESKTOP-7GTF88O" failures="0" tests="2" name="PushNotificationTest Testing" time="18.17" errors="0" timestamp="2024-03-13T19:22:03 IST">
  <testcase classname="com.sevenrmartsupermarket.tests.PushNotificationTest" name="printExcelData" time="4.466"/>
  <testcase classname="com.sevenrmartsupermarket.tests.PushNotificationTest" name="verifyEnteredPushNotification" time="4.614"/>
</testsuite> <!-- PushNotificationTest Testing -->
