<?xml version="1.0" encoding="UTF-8"?>
<testng-results ignored="2" total="5" passed="3" failed="0" skipped="0">
  <reporter-output>
  </reporter-output>
  <suite started-at="2024-03-20T21:27:11 IST" name="Parallel Testing" finished-at="2024-03-20T21:27:38 IST" duration-ms="26728">
    <groups>
      <group name="smoke">
        <method signature="DeliveryBoyTest.verifyByAddingNewDeliveryBoy()[pri:0, instance:com.sevenrmartsupermarket.tests.DeliveryBoyTest@17a7f733]" name="verifyByAddingNewDeliveryBoy" class="com.sevenrmartsupermarket.tests.DeliveryBoyTest"/>
        <method signature="PushNotificationTest.printExcelData()[pri:0, instance:com.sevenrmartsupermarket.tests.PushNotificationTest@32910148]" name="printExcelData" class="com.sevenrmartsupermarket.tests.PushNotificationTest"/>
      </group> <!-- smoke -->
    </groups>
    <test started-at="2024-03-20T21:27:11 IST" name="Login Testing" finished-at="2024-03-20T21:27:19 IST" duration-ms="8037">
      <class name="com.sevenrmartsupermarket.tests.LoginTest">
        <test-method is-config="true" signature="launchBrowser()[pri:0, instance:com.sevenrmartsupermarket.tests.LoginTest@6c40365c]" started-at="2024-03-20T21:27:11 IST" name="launchBrowser" finished-at="2024-03-20T21:27:17 IST" duration-ms="5571" status="PASS">
          <reporter-output>
          </reporter-output>
        </test-method> <!-- launchBrowser -->
        <test-method signature="verifyLogin()[pri:0, instance:com.sevenrmartsupermarket.tests.LoginTest@6c40365c]" started-at="2024-03-20T21:27:17 IST" name="verifyLogin" finished-at="2024-03-20T21:27:19 IST" duration-ms="2379" status="PASS">
          <reporter-output>
          </reporter-output>
        </test-method> <!-- verifyLogin -->
        <test-method is-config="true" signature="terminatesession(org.testng.ITestResult)[pri:0, instance:com.sevenrmartsupermarket.tests.LoginTest@6c40365c]" started-at="2024-03-20T21:27:19 IST" name="terminatesession" finished-at="2024-03-20T21:27:19 IST" duration-ms="3" status="PASS">
          <params>
            <param index="0">
              <value>
                <![CDATA[[TestResult name=verifyLogin status=SUCCESS method=LoginTest.verifyLogin()[pri:0, instance:com.sevenrmartsupermarket.tests.LoginTest@6c40365c] output={null}]]]>
              </value>
            </param>
          </params>
          <reporter-output>
          </reporter-output>
        </test-method> <!-- terminatesession -->
      </class> <!-- com.sevenrmartsupermarket.tests.LoginTest -->
    </test> <!-- Login Testing -->
    <test started-at="2024-03-20T21:27:19 IST" name="DeliveryBoy Testing" finished-at="2024-03-20T21:27:29 IST" duration-ms="10199">
      <class name="com.sevenrmartsupermarket.tests.DeliveryBoyTest">
        <test-method is-config="true" signature="launchBrowser()[pri:0, instance:com.sevenrmartsupermarket.tests.DeliveryBoyTest@17a7f733]" started-at="2024-03-20T21:27:19 IST" name="launchBrowser" finished-at="2024-03-20T21:27:22 IST" duration-ms="3283" status="PASS">
          <reporter-output>
          </reporter-output>
        </test-method> <!-- launchBrowser -->
        <test-method signature="verifyByAddingNewDeliveryBoy()[pri:0, instance:com.sevenrmartsupermarket.tests.DeliveryBoyTest@17a7f733]" started-at="2024-03-20T21:27:22 IST" name="verifyByAddingNewDeliveryBoy" finished-at="2024-03-20T21:27:29 IST" duration-ms="6878" status="PASS">
          <reporter-output>
          </reporter-output>
        </test-method> <!-- verifyByAddingNewDeliveryBoy -->
        <test-method is-config="true" signature="terminatesession(org.testng.ITestResult)[pri:0, instance:com.sevenrmartsupermarket.tests.DeliveryBoyTest@17a7f733]" started-at="2024-03-20T21:27:29 IST" name="terminatesession" finished-at="2024-03-20T21:27:29 IST" duration-ms="1" status="PASS">
          <params>
            <param index="0">
              <value>
                <![CDATA[[TestResult name=verifyByAddingNewDeliveryBoy status=SUCCESS method=DeliveryBoyTest.verifyByAddingNewDeliveryBoy()[pri:0, instance:com.sevenrmartsupermarket.tests.DeliveryBoyTest@17a7f733] output={null}]]]>
              </value>
            </param>
          </params>
          <reporter-output>
          </reporter-output>
        </test-method> <!-- terminatesession -->
      </class> <!-- com.sevenrmartsupermarket.tests.DeliveryBoyTest -->
    </test> <!-- DeliveryBoy Testing -->
    <test started-at="2024-03-20T21:27:29 IST" name="PushNotification Testing" finished-at="2024-03-20T21:27:38 IST" duration-ms="8435">
      <class name="com.sevenrmartsupermarket.tests.PushNotificationTest">
        <test-method is-config="true" signature="launchBrowser()[pri:0, instance:com.sevenrmartsupermarket.tests.PushNotificationTest@32910148]" started-at="2024-03-20T21:27:29 IST" name="launchBrowser" finished-at="2024-03-20T21:27:34 IST" duration-ms="5026" status="PASS">
          <reporter-output>
          </reporter-output>
        </test-method> <!-- launchBrowser -->
        <test-method signature="printExcelData()[pri:0, instance:com.sevenrmartsupermarket.tests.PushNotificationTest@32910148]" started-at="2024-03-20T21:27:34 IST" name="printExcelData" finished-at="2024-03-20T21:27:38 IST" duration-ms="3393" status="PASS">
          <reporter-output>
          </reporter-output>
        </test-method> <!-- printExcelData -->
        <test-method is-config="true" signature="terminatesession(org.testng.ITestResult)[pri:0, instance:com.sevenrmartsupermarket.tests.PushNotificationTest@32910148]" started-at="2024-03-20T21:27:38 IST" name="terminatesession" finished-at="2024-03-20T21:27:38 IST" duration-ms="1" status="PASS">
          <params>
            <param index="0">
              <value>
                <![CDATA[[TestResult name=printExcelData status=SUCCESS method=PushNotificationTest.printExcelData()[pri:0, instance:com.sevenrmartsupermarket.tests.PushNotificationTest@32910148] output={null}]]]>
              </value>
            </param>
          </params>
          <reporter-output>
          </reporter-output>
        </test-method> <!-- terminatesession -->
      </class> <!-- com.sevenrmartsupermarket.tests.PushNotificationTest -->
    </test> <!-- PushNotification Testing -->
  </suite> <!-- Parallel Testing -->
</testng-results>
